{"level":"warn","method":"GET","route":"/infop"}
{"level":"warn","method":"GET","route":"/infop"}
{"level":"warn","method":"GET","route":"/favicon.ico"}
{"level":"warn","method":"GET","route":"/favicon.ico"}
{"level":"warn","method":"GET","route":"/favicon.ico"}
{"level":"warn","method":"GET","route":"/favicon.ico"}
{"level":"warn","method":"GET","route":"/favicon.ico"}
{"level":"warn","method":"GET","route":"/favicon.ico"}
{"level":"warn","method":"GET","route":"/favicon.ico"}
{"level":"warn","method":"GET","route":"/favicon.ico"}
{"level":"warn","method":"GET","route":"/favicon.ico"}
{"level":"warn","method":"GET","route":"/favicon.ico"}
{"level":"warn","method":"GET","route":"/favicon.ico"}
{"level":"warn","method":"GET","route":"/favicon.ico"}
{"level":"warn","method":"GET","route":"/favicon.ico"}
{"level":"warn","method":"GET","route":"/favicon.ico"}
{"level":"warn","method":"GET","route":"/favicon.ico"}
{"level":"warn","method":"GET","route":"/favicon.ico"}
{"level":"warn","method":"GET","route":"/panel/scripts/socket.io.min.js.map"}
{"level":"warn","method":"GET","route":"/favicon.ico"}
{"level":"warn","method":"GET","route":"/favicon.ico"}
{"level":"warn","method":"GET","route":"/favicon.ico"}
{"level":"warn","method":"GET","route":"/favicon.ico"}
{"level":"warn","method":"GET","route":"/favicon.ico"}
{"level":"warn","method":"GET","route":"/favicon.ico"}
{"level":"warn","method":"GET","route":"/favicon.ico"}
{"level":"warn","method":"GET","route":"/favicon.ico"}
{"level":"warn","method":"GET","route":"/favicon.ico"}
{"level":"warn","method":"GET","route":"/favicon.ico"}
{"level":"warn","method":"GET","route":"/favicon.ico"}
{"level":"warn","method":"GET","route":"/favicon.ico"}
{"level":"warn","method":"GET","route":"/favicon.ico"}
{"level":"warn","method":"GET","route":"/favicon.ico"}
{"level":"warn","method":"GET","route":"/favicon.ico"}
{"level":"warn","method":"GET","route":"/favicon.ico"}
{"level":"warn","method":"GET","route":"/favicon.ico"}
{"level":"warn","method":"GET","route":"/favicon.ico"}
{"level":"warn","method":"GET","route":"/favicon.ico"}
{"level":"warn","method":"GET","route":"/favicon.ico"}
{"level":"warn","method":"GET","route":"/favicon.ico"}
{"level":"warn","method":"GET","route":"/favicon.ico"}
{"level":"warn","method":"GET","route":"/favicon.ico"}
{"level":"warn","method":"GET","route":"/favicon.ico"}
{"level":"warn","method":"POST","route":"/auth/logout"}
{"level":"warn","method":"GET","route":"/favicon.ico"}
{"level":"warn","method":"GET","route":"/favicon.ico"}
{"level":"warn","method":"GET","route":"/favicon.ico"}
{"level":"warn","method":"GET","route":"/carrito/MARCOSD87"}
{"level":"warn","method":"GET","route":"/favicon.ico"}
{"level":"warn","method":"GET","route":"/favicon.ico"}
{"level":"warn","method":"GET","route":"/favicon.ico"}
{"level":"warn","method":"GET","route":"/favicon.ico"}
{"level":"warn","method":"GET","route":"/favicon.ico"}
{"level":"warn","method":"GET","route":"/favicon.ico"}
{"level":"warn","method":"GET","route":"/favicon.ico"}
{"level":"warn","method":"GET","route":"/favicon.ico"}
{"level":"warn","method":"GET","route":"/favicon.ico"}
{"level":"warn","method":"GET","route":"/favicon.ico"}
{"level":"warn","method":"GET","route":"/favicon.ico"}
{"level":"warn","method":"POST","route":"/auth/logout"}
{"level":"warn","method":"GET","route":"/favicon.ico"}
{"level":"warn","method":"GET","route":"/favicon.ico"}
{"level":"warn","method":"GET","route":"/favicon.ico"}
{"level":"warn","method":"GET","route":"/favicon.ico"}
{"level":"warn","method":"GET","route":"/panel/scripts/socket.io.min.js.map"}
{"level":"warn","method":"GET","route":"/favicon.ico"}
{"level":"warn","method":"GET","route":"/favicon.ico"}
{"level":"warn","method":"GET","route":"/favicon.ico"}
{"level":"warn","method":"GET","route":"/favicon.ico"}
{"level":"warn","method":"GET","route":"/favicon.ico"}
{"level":"warn","method":"GET","route":"/favicon.ico"}
{"level":"warn","method":"GET","route":"/favicon.ico"}
{"level":"warn","method":"GET","route":"/products"}
{"level":"warn","method":"GET","route":"/favicon.ico"}
{"level":"warn","method":"GET","route":"/products"}
{"level":"warn","method":"POST","route":"/orders"}
{"level":"warn","method":"GET","route":"/panel/scripts/socket.io.min.js.map"}
{"level":"warn"}
{"level":"warn"}
{"level":"warn"}
{"level":"warn"}
{"level":"warn"}
{"level":"warn"}
{"level":"warn"}
{"level":"warn"}
{"level":"warn"}
{"level":"warn"}
{"level":"warn"}
{"level":"warn"}
{"level":"warn"}
{"level":"warn"}
{"level":"warn"}
{"level":"warn"}
{"level":"warn","method":"GET","route":"/images/products/WhatsApp"}
{"level":"warn","method":"GET","route":"/images/products/WhatsApp%20Image%202022-08-16%20at%208.54.47%20PM.jpeg"}
{"level":"warn","method":"GET","route":"/images/products/WhatsApp%20Image%202022-08-16%20at%208.54.47%20PM.jpeg"}
{"level":"warn","method":"GET","route":"/images/products/WhatsApp%20Image%202022-08-16%20at%208.54.47%20PM.jpeg"}
